<?xml version="1.0" encoding="UTF-8"?>
<!-- Generated by org.testng.reporters.JUnitReportReporter -->
<testsuite skipped="1" hostname="CSIR2-PC" name="com.crm.qa.testCases.DealsPageTest" tests="2" failures="0" timestamp="07 Jun 2018 11:24:00 GMT" time="31.924" errors="0">
  <testcase name="dealsLabelTest" time="31.924" classname="com.crm.qa.testCases.DealsPageTest"/>
  <testcase name="createNewDealsTest" time="0.000" classname="com.crm.qa.testCases.DealsPageTest">
    <skipped/>
  </testcase> <!-- createNewDealsTest -->
</testsuite> <!-- com.crm.qa.testCases.DealsPageTest -->
