<?xml version="1.0" encoding="UTF-8"?>
<!-- Generated by org.testng.reporters.JUnitReportReporter -->
<testsuite skipped="0" hostname="CSIR2-PC" name="com.crm.qa.testCases.LoginPageTest" tests="3" failures="0" timestamp="07 Jun 2018 11:24:00 GMT" time="42.006" errors="0">
  <testcase name="loginPageTitleTest" time="11.121" classname="com.crm.qa.testCases.LoginPageTest"/>
  <testcase name="crmLogoImageTest" time="11.099" classname="com.crm.qa.testCases.LoginPageTest"/>
  <testcase name="loginTest" time="19.786" classname="com.crm.qa.testCases.LoginPageTest"/>
</testsuite> <!-- com.crm.qa.testCases.LoginPageTest -->
