<?xml version="1.0" encoding="UTF-8"?>
<!-- Generated by org.testng.reporters.JUnitReportReporter -->
<testsuite skipped="0" hostname="ACER-PC" name="com.crm.qa.testCases.DealsPageTest" tests="4" failures="0" timestamp="16 May 2018 23:16:48 GMT" time="136.687" errors="0">
  <testcase name="dealsLabelTest" time="23.313" classname="com.crm.qa.testCases.DealsPageTest"/>
  <testcase name="createNewDealsTest" time="38.517" classname="com.crm.qa.testCases.DealsPageTest"/>
  <testcase name="createNewDealsTest" time="36.116" classname="com.crm.qa.testCases.DealsPageTest"/>
  <testcase name="createNewDealsTest" time="38.741" classname="com.crm.qa.testCases.DealsPageTest"/>
</testsuite> <!-- com.crm.qa.testCases.DealsPageTest -->
