<?xml version="1.0" encoding="UTF-8"?>
<!-- Generated by org.testng.reporters.JUnitReportReporter -->
<testsuite skipped="0" hostname="CSIR2-PC" name="com.crm.qa.testCases.HomePageTest" tests="3" failures="0" timestamp="07 Jun 2018 11:24:00 GMT" time="69.208" errors="0">
  <testcase name="homePageTitleTest" time="23.871" classname="com.crm.qa.testCases.HomePageTest"/>
  <testcase name="correctUserNameTest" time="24.775" classname="com.crm.qa.testCases.HomePageTest"/>
  <testcase name="clickOnContactsLinkTest" time="20.562" classname="com.crm.qa.testCases.HomePageTest"/>
</testsuite> <!-- com.crm.qa.testCases.HomePageTest -->
