<?xml version="1.0" encoding="UTF-8"?>
<!-- Generated by org.testng.reporters.JUnitReportReporter -->
<testsuite skipped="0" hostname="ACER-PC" name="com.crm.qa.testCases.HomePageTest" tests="3" failures="0" timestamp="16 May 2018 23:31:57 GMT" time="73.003" errors="0">
  <testcase name="homePageTitleTest" time="21.116" classname="com.crm.qa.testCases.HomePageTest"/>
  <testcase name="correctUserNameTest" time="28.825" classname="com.crm.qa.testCases.HomePageTest"/>
  <testcase name="clickOnContactsLinkTest" time="23.062" classname="com.crm.qa.testCases.HomePageTest"/>
</testsuite> <!-- com.crm.qa.testCases.HomePageTest -->
