<?xml version="1.0" encoding="UTF-8"?>
<!-- Generated by org.testng.reporters.JUnitReportReporter -->
<testsuite skipped="0" hostname="ACER-PC" name="com.crm.qa.testCases.LoginPageTest" tests="3" failures="0" timestamp="15 May 2018 16:38:16 GMT" time="49.519" errors="0">
  <testcase name="loginPageTitleTest" time="15.378" classname="com.crm.qa.testCases.LoginPageTest"/>
  <testcase name="crmLogoImageTest" time="13.158" classname="com.crm.qa.testCases.LoginPageTest"/>
  <testcase name="loginTest" time="20.983" classname="com.crm.qa.testCases.LoginPageTest"/>
</testsuite> <!-- com.crm.qa.testCases.LoginPageTest -->
